<?xml version="1.0" encoding="UTF-8"?>
<!-- Generated by org.testng.reporters.JUnitXMLReporter -->
<testsuite hostname="GP5BLVPF6CSKZBH" name="Default test" tests="4" failures="0" timestamp="11 Sep 2018 07:56:20 GMT" time="0.174" errors="0">
  <testcase name="@BeforeClass beforeClass" time="0.0" classname="com.liuchao.testcase.LoginTest">
    <failure type="org.testng.TestNGException" message="
Parameter &amp;apos;browserDriverUrl&amp;apos; is required by @Configuration on method beforeClass but has not been marked @Optional or defined
in C:\Users\Administrator\AppData\Local\Temp\testng-eclipse-1461097229\testng-customsuite.xml">
      <![CDATA[org.testng.TestNGException: 
Parameter 'browserDriverUrl' is required by @Configuration on method beforeClass but has not been marked @Optional or defined
in C:\Users\Administrator\AppData\Local\Temp\testng-eclipse-1461097229\testng-customsuite.xml
	at org.testng.internal.Parameters.createParameters(Parameters.java:155)
	at org.testng.internal.Parameters.createParameters(Parameters.java:358)
	at org.testng.internal.Parameters.createConfigurationParameters(Parameters.java:86)
	at org.testng.internal.Invoker.invokeConfigurations(Invoker.java:199)
	at org.testng.internal.Invoker.invokeConfigurations(Invoker.java:138)
	at org.testng.internal.TestMethodWorker.invokeBeforeClassMethods(TestMethodWorker.java:175)
	at org.testng.internal.TestMethodWorker.run(TestMethodWorker.java:107)
	at org.testng.TestRunner.privateRun(TestRunner.java:767)
	at org.testng.TestRunner.run(TestRunner.java:617)
	at org.testng.SuiteRunner.runTest(SuiteRunner.java:335)
	at org.testng.SuiteRunner.runSequentially(SuiteRunner.java:330)
	at org.testng.SuiteRunner.privateRun(SuiteRunner.java:291)
	at org.testng.SuiteRunner.run(SuiteRunner.java:240)
	at org.testng.SuiteRunnerWorker.runSuite(SuiteRunnerWorker.java:52)
	at org.testng.SuiteRunnerWorker.run(SuiteRunnerWorker.java:86)
	at org.testng.TestNG.runSuitesSequentially(TestNG.java:1224)
	at org.testng.TestNG.runSuitesLocally(TestNG.java:1149)
	at org.testng.TestNG.run(TestNG.java:1057)
	at org.testng.remote.RemoteTestNG.run(RemoteTestNG.java:111)
	at org.testng.remote.RemoteTestNG.initAndRun(RemoteTestNG.java:204)
	at org.testng.remote.RemoteTestNG.main(RemoteTestNG.java:175)
]]>
    </failure>
  </testcase> <!-- @BeforeClass beforeClass -->
  <testcase name="@BeforeMethod BeforeMethod" time="0.0" classname="com.liuchao.testcase.LoginTest">
    <skipped/>
  </testcase> <!-- @BeforeMethod BeforeMethod -->
  <testcase name="@BeforeMethod BeforeMethod" time="0.0" classname="com.liuchao.testcase.LoginTest">
    <skipped/>
  </testcase> <!-- @BeforeMethod BeforeMethod -->
  <testcase name="@BeforeMethod BeforeMethod" time="0.0" classname="com.liuchao.testcase.LoginTest">
    <skipped/>
  </testcase> <!-- @BeforeMethod BeforeMethod -->
  <testcase name="@AfterClass afterClass" time="0.0" classname="com.liuchao.testcase.LoginTest">
    <skipped/>
  </testcase> <!-- @AfterClass afterClass -->
  <testcase name="@AfterTest afterTest" time="0.0" classname="com.liuchao.testcase.LoginTest">
    <skipped/>
  </testcase> <!-- @AfterTest afterTest -->
  <testcase name="login02" time="0.01" classname="com.liuchao.testcase.LoginTest">
    <skipped/>
  </testcase> <!-- login02 -->
  <testcase name="login02" time="0.002" classname="com.liuchao.testcase.LoginTest">
    <skipped/>
  </testcase> <!-- login02 -->
  <testcase name="login02" time="0.002" classname="com.liuchao.testcase.LoginTest">
    <skipped/>
  </testcase> <!-- login02 -->
  <testcase name="login" time="0.001" classname="com.liuchao.testcase.LoginTest">
    <skipped/>
  </testcase> <!-- login -->
</testsuite> <!-- Default test -->
